<?xml version="1.0" encoding="UTF-8"?>
<!-- Generated by org.testng.reporters.JUnitXMLReporter -->
<testsuite ignored="0" hostname="DESKTOP-OF1IT6T" failures="5" tests="5" name="Test" time="82.116" errors="0" timestamp="08 Aug 2020 17:29:11 GMT">
  <testcase classname="GCC.TestCases.Registration_TC_002" name="registration" time="17.805">
    <failure type="java.lang.AssertionError" message="expected [true] but found [false]">
      <![CDATA[java.lang.AssertionError: expected [true] but found [false]
	at GCC.TestCases.Registration_TC_002.registration(Registration_TC_002.java:49)
... Removed 29 stack frames]]>
    </failure>
  </testcase> <!-- registration -->
  <testcase classname="GCC.TestCases.Registration_TC_002" name="registration" time="14.682">
    <failure type="java.lang.AssertionError" message="expected [true] but found [false]">
      <![CDATA[java.lang.AssertionError: expected [true] but found [false]
	at GCC.TestCases.Registration_TC_002.registration(Registration_TC_002.java:49)
... Removed 29 stack frames]]>
    </failure>
  </testcase> <!-- registration -->
  <testcase classname="GCC.TestCases.Registration_TC_002" name="registration" time="14.455">
    <failure type="java.lang.AssertionError" message="expected [true] but found [false]">
      <![CDATA[java.lang.AssertionError: expected [true] but found [false]
	at GCC.TestCases.Registration_TC_002.registration(Registration_TC_002.java:49)
... Removed 29 stack frames]]>
    </failure>
  </testcase> <!-- registration -->
  <testcase classname="GCC.TestCases.Registration_TC_002" name="registration" time="13.979">
    <failure type="java.lang.AssertionError" message="expected [true] but found [false]">
      <![CDATA[java.lang.AssertionError: expected [true] but found [false]
	at GCC.TestCases.Registration_TC_002.registration(Registration_TC_002.java:49)
... Removed 29 stack frames]]>
    </failure>
  </testcase> <!-- registration -->
  <testcase classname="GCC.TestCases.Registration_TC_002" name="registration" time="5.38">
    <failure type="java.lang.IllegalArgumentException" message="Keys to send should be a not null CharSequence">
      <![CDATA[java.lang.IllegalArgumentException: Keys to send should be a not null CharSequence
	at org.openqa.selenium.remote.RemoteWebElement.sendKeys(RemoteWebElement.java:97)
	at org.openqa.selenium.support.pagefactory.internal.LocatingElementHandler.invoke(LocatingElementHandler.java:51)
	at com.sun.proxy.$Proxy12.sendKeys(Unknown Source)
	at GCC.PageObjects.RegistrationPage.setName(RegistrationPage.java:36)
	at GCC.TestCases.Registration_TC_002.registration(Registration_TC_002.java:25)
... Removed 28 stack frames]]>
    </failure>
  </testcase> <!-- registration -->
</testsuite> <!-- Test -->
